#
# There is insufficient memory for the Java Runtime Environment to continue.
# Native memory allocation (malloc) failed to allocate 4483936 bytes for Chunk::new
# Possible reasons:
#   The system is out of physical RAM or swap space
#   The process is running with CompressedOops enabled, and the Java Heap may be blocking the growth of the native heap
# Possible solutions:
#   Reduce memory load on the system
#   Increase physical memory or swap space
#   Check if swap backing store is full
#   Decrease Java heap size (-Xmx/-Xms)
#   Decrease number of Java threads
#   Decrease Java thread stack sizes (-Xss)
#   Set larger code cache with -XX:ReservedCodeCacheSize=
#   JVM is running with Unscaled Compressed Oops mode in which the Java heap is
#     placed in the first 4GB address space. The Java Heap base address is the
#     maximum limit for the native heap growth. Please use -XX:HeapBaseMinAddress
#     to set the Java Heap base and to place the Java Heap above 4GB virtual address.
# This output file may be truncated or incomplete.
#
#  Out of Memory Error (allocation.cpp:389), pid=4968, tid=0x0000000000001394
#
# JRE version: Java(TM) SE Runtime Environment (8.0_291-b10) (build 1.8.0_291-b10)
# Java VM: Java HotSpot(TM) 64-Bit Server VM (25.291-b10 mixed mode windows-amd64 compressed oops)
# Failed to write core dump. Minidumps are not enabled by default on client versions of Windows
#

---------------  T H R E A D  ---------------

Current thread (0x0000000057252800):  JavaThread "C2 CompilerThread1" daemon [_thread_in_native, id=5012, stack(0x0000000057640000,0x0000000057740000)]

Stack: [0x0000000057640000,0x0000000057740000]
Native frames: (J=compiled Java code, j=interpreted, Vv=VM code, C=native code)
V  [jvm.dll+0x32ea19]
V  [jvm.dll+0x275462]
V  [jvm.dll+0x27610d]
V  [jvm.dll+0x26cb45]
V  [jvm.dll+0xd524c]
V  [jvm.dll+0xd5a4c]
V  [jvm.dll+0x46fd95]
V  [jvm.dll+0x437a08]
V  [jvm.dll+0x440855]
V  [jvm.dll+0x43fc15]
V  [jvm.dll+0x42aa57]
V  [jvm.dll+0xabeeb]
V  [jvm.dll+0xaa54b]
V  [jvm.dll+0x23db02]
V  [jvm.dll+0x29210c]
C  [ucrtbase.DLL+0x1d912]
C  [kernel32.dll+0x1556d]
C  [ntdll.dll+0x5372d]


Current CompileTask:
C2:  14304 1829 %     4       org.eclipse.jdt.launching.internal.org.objectweb.asm.ClassReader::readCode @ 2165 (5089 bytes)


---------------  P R O C E S S  ---------------

Java Threads: ( => current thread )
  0x000000005a931000 JavaThread "Okio Watchdog" daemon [_thread_blocked, id=5368, stack(0x000000005ffe0000,0x00000000600e0000)]
  0x000000005da41000 JavaThread "OkHttp ConnectionPool" daemon [_thread_blocked, id=5132, stack(0x000000005eec0000,0x000000005efc0000)]
  0x00000000583fb000 JavaThread "Exec Stream Pumper" daemon [_thread_in_native, id=3724, stack(0x000000005bda0000,0x000000005bea0000)]
  0x00000000583fa800 JavaThread "Exec Stream Pumper" daemon [_thread_in_native, id=4376, stack(0x000000005bbe0000,0x000000005bce0000)]
  0x0000000058c5b800 JavaThread "UrlChecker-2" daemon [_thread_blocked, id=5672, stack(0x000000005bae0000,0x000000005bbe0000)]
  0x0000000058c60000 JavaThread "Exec Default Executor" daemon [_thread_in_native, id=2372, stack(0x0000000059420000,0x0000000059520000)]
  0x0000000057b73800 JavaThread "ReaderThread" [_thread_in_native, id=5156, stack(0x0000000057950000,0x0000000057a50000)]
  0x000000005727f000 JavaThread "Service Thread" daemon [_thread_blocked, id=5476, stack(0x0000000057800000,0x0000000057900000)]
  0x0000000057256800 JavaThread "C1 CompilerThread2" daemon [_thread_blocked, id=1012, stack(0x0000000056a50000,0x0000000056b50000)]
=>0x0000000057252800 JavaThread "C2 CompilerThread1" daemon [_thread_in_native, id=5012, stack(0x0000000057640000,0x0000000057740000)]
  0x00000000571f0000 JavaThread "C2 CompilerThread0" daemon [_thread_blocked, id=4432, stack(0x00000000574a0000,0x00000000575a0000)]
  0x0000000054f14800 JavaThread "JDWP Command Reader" daemon [_thread_in_native, id=128, stack(0x0000000056f60000,0x0000000057060000)]
  0x0000000054f12800 JavaThread "JDWP Event Helper Thread" daemon [_thread_blocked, id=3064, stack(0x0000000056be0000,0x0000000056ce0000)]
  0x0000000054f0c000 JavaThread "JDWP Transport Listener: dt_socket" daemon [_thread_blocked, id=4848, stack(0x00000000568b0000,0x00000000569b0000)]
  0x0000000054ef3000 JavaThread "Attach Listener" daemon [_thread_blocked, id=2184, stack(0x0000000056760000,0x0000000056860000)]
  0x0000000054ef2000 JavaThread "Signal Dispatcher" daemon [_thread_blocked, id=4288, stack(0x00000000565e0000,0x00000000566e0000)]
  0x00000000001a1000 JavaThread "Finalizer" daemon [_thread_blocked, id=3308, stack(0x0000000056360000,0x0000000056460000)]
  0x0000000000195800 JavaThread "Reference Handler" daemon [_thread_blocked, id=5616, stack(0x0000000056140000,0x0000000056240000)]
  0x0000000000128800 JavaThread "Forwarding get on session 1a307f12234801a2f1de18b9ad89fe15 to remote" [_thread_in_native, id=4456, stack(0x0000000002060000,0x0000000002160000)]

Other Threads:
  0x0000000054ea2000 VMThread [stack: 0x0000000055f30000,0x0000000056030000] [id=2848]
  0x00000000572ab800 WatcherThread [stack: 0x0000000057a50000,0x0000000057b50000] [id=5348]

VM state:not at safepoint (normal execution)

VM Mutex/Monitor currently owned by a thread: None

heap address: 0x00000000c1a00000, size: 998 MB, Compressed Oops mode: 32-bit
Narrow klass base: 0x0000000000000000, Narrow klass shift: 0
Compressed class space size: 1073741824 Address: 0x00000000143d0000

Heap:
 PSYoungGen      total 70144K, used 14863K [0x00000000eb380000, 0x00000000f0080000, 0x0000000100000000)
  eden space 64512K, 14% used [0x00000000eb380000,0x00000000ebce5030,0x00000000ef280000)
  from space 5632K, 93% used [0x00000000ef900000,0x00000000efe1ecf0,0x00000000efe80000)
  to   space 6656K, 0% used [0x00000000ef280000,0x00000000ef280000,0x00000000ef900000)
 ParOldGen       total 44032K, used 4513K [0x00000000c1a00000, 0x00000000c4500000, 0x00000000eb380000)
  object space 44032K, 10% used [0x00000000c1a00000,0x00000000c1e686b8,0x00000000c4500000)
 Metaspace       used 17980K, capacity 18672K, committed 18816K, reserved 1064960K
  class space    used 2428K, capacity 2650K, committed 2688K, reserved 1048576K

Card table byte_map: [0x0000000011890000,0x0000000011a90000] byte_map_base: 0x0000000011283000

Marking Bits: (ParMarkBitMap*) 0x0000000070377fe0
 Begin Bits: [0x00000000122a0000, 0x0000000013238000)
 End Bits:   [0x0000000013238000, 0x00000000141d0000)

Polling page: 0x00000000001b0000

CodeCache: size=245760Kb used=7796Kb max_used=7833Kb free=237963Kb
 bounds [0x00000000024d0000, 0x0000000002c80000, 0x00000000114d0000]
 total_blobs=2308 nmethods=1897 adapters=331
 compilation: enabled

Compilation events (10 events):
Event: 11.753 Thread 0x00000000571f0000 1905       4       org.eclipse.jdt.launching.internal.org.objectweb.asm.Attribute::computeAttributesSize (62 bytes)
Event: 11.757 Thread 0x00000000571f0000 nmethod 1905 0x0000000002c61b90 code [0x0000000002c61d00, 0x0000000002c61e78]
Event: 11.757 Thread 0x00000000571f0000 1906       4       org.eclipse.jdt.launching.internal.org.objectweb.asm.AnnotationWriter::computeAnnotationsSize (66 bytes)
Event: 11.764 Thread 0x00000000571f0000 nmethod 1906 0x0000000002c63090 code [0x0000000002c63200, 0x0000000002c634d8]
Event: 11.764 Thread 0x00000000571f0000 1890       4       org.eclipse.jdt.launching.internal.org.objectweb.asm.Attribute::putAttributes (78 bytes)
Event: 11.778 Thread 0x00000000571f0000 nmethod 1890 0x0000000002c5df90 code [0x0000000002c5e160, 0x0000000002c5ede0]
Event: 11.779 Thread 0x00000000571f0000 1897       4       java.util.HashSet::add (20 bytes)
Event: 11.815 Thread 0x00000000571f0000 nmethod 1897 0x0000000002c5f7d0 code [0x0000000002c5f9e0, 0x0000000002c60c20]
Event: 11.815 Thread 0x00000000571f0000 1856       4       org.eclipse.jdt.launching.internal.org.objectweb.asm.MethodWriter::visitMaxs (60 bytes)
Event: 11.816 Thread 0x00000000571f0000 nmethod 1856 0x0000000002c62dd0 code [0x0000000002c62f00, 0x0000000002c62fb8]

GC Heap History (10 events):
Event: 4.102 GC heap before
{Heap before GC invocations=2 (full 0):
 PSYoungGen      total 18944K, used 18584K [0x00000000eb380000, 0x00000000ec880000, 0x0000000100000000)
  eden space 16384K, 100% used [0x00000000eb380000,0x00000000ec380000,0x00000000ec380000)
  from space 2560K, 85% used [0x00000000ec380000,0x00000000ec5a62b8,0x00000000ec600000)
  to   space 2560K, 0% used [0x00000000ec600000,0x00000000ec600000,0x00000000ec880000)
 ParOldGen       total 44032K, used 8K [0x00000000c1a00000, 0x00000000c4500000, 0x00000000eb380000)
  object space 44032K, 0% used [0x00000000c1a00000,0x00000000c1a02000,0x00000000c4500000)
 Metaspace       used 7385K, capacity 7474K, committed 7680K, reserved 1056768K
  class space    used 941K, capacity 977K, committed 1024K, reserved 1048576K
Event: 4.137 GC heap after
Heap after GC invocations=2 (full 0):
 PSYoungGen      total 18944K, used 2540K [0x00000000eb380000, 0x00000000ed880000, 0x0000000100000000)
  eden space 16384K, 0% used [0x00000000eb380000,0x00000000eb380000,0x00000000ec380000)
  from space 2560K, 99% used [0x00000000ec600000,0x00000000ec87b3f0,0x00000000ec880000)
  to   space 2560K, 0% used [0x00000000ec380000,0x00000000ec380000,0x00000000ec600000)
 ParOldGen       total 44032K, used 16K [0x00000000c1a00000, 0x00000000c4500000, 0x00000000eb380000)
  object space 44032K, 0% used [0x00000000c1a00000,0x00000000c1a04000,0x00000000c4500000)
 Metaspace       used 7385K, capacity 7474K, committed 7680K, reserved 1056768K
  class space    used 941K, capacity 977K, committed 1024K, reserved 1048576K
}
Event: 4.754 GC heap before
{Heap before GC invocations=3 (full 0):
 PSYoungGen      total 18944K, used 18924K [0x00000000eb380000, 0x00000000ed880000, 0x0000000100000000)
  eden space 16384K, 100% used [0x00000000eb380000,0x00000000ec380000,0x00000000ec380000)
  from space 2560K, 99% used [0x00000000ec600000,0x00000000ec87b3f0,0x00000000ec880000)
  to   space 2560K, 0% used [0x00000000ec380000,0x00000000ec380000,0x00000000ec600000)
 ParOldGen       total 44032K, used 16K [0x00000000c1a00000, 0x00000000c4500000, 0x00000000eb380000)
  object space 44032K, 0% used [0x00000000c1a00000,0x00000000c1a04000,0x00000000c4500000)
 Metaspace       used 8605K, capacity 8722K, committed 8960K, reserved 1056768K
  class space    used 1150K, capacity 1201K, committed 1280K, reserved 1048576K
Event: 4.761 GC heap after
Heap after GC invocations=3 (full 0):
 PSYoungGen      total 18944K, used 2534K [0x00000000eb380000, 0x00000000ed880000, 0x0000000100000000)
  eden space 16384K, 0% used [0x00000000eb380000,0x00000000eb380000,0x00000000ec380000)
  from space 2560K, 99% used [0x00000000ec380000,0x00000000ec5f99e0,0x00000000ec600000)
  to   space 2560K, 0% used [0x00000000ed600000,0x00000000ed600000,0x00000000ed880000)
 ParOldGen       total 44032K, used 221K [0x00000000c1a00000, 0x00000000c4500000, 0x00000000eb380000)
  object space 44032K, 0% used [0x00000000c1a00000,0x00000000c1a374b0,0x00000000c4500000)
 Metaspace       used 8605K, capacity 8722K, committed 8960K, reserved 1056768K
  class space    used 1150K, capacity 1201K, committed 1280K, reserved 1048576K
}
Event: 5.308 GC heap before
{Heap before GC invocations=4 (full 0):
 PSYoungGen      total 18944K, used 18918K [0x00000000eb380000, 0x00000000ed880000, 0x0000000100000000)
  eden space 16384K, 100% used [0x00000000eb380000,0x00000000ec380000,0x00000000ec380000)
  from space 2560K, 99% used [0x00000000ec380000,0x00000000ec5f99e0,0x00000000ec600000)
  to   space 2560K, 0% used [0x00000000ed600000,0x00000000ed600000,0x00000000ed880000)
 ParOldGen       total 44032K, used 221K [0x00000000c1a00000, 0x00000000c4500000, 0x00000000eb380000)
  object space 44032K, 0% used [0x00000000c1a00000,0x00000000c1a374b0,0x00000000c4500000)
 Metaspace       used 10909K, capacity 11066K, committed 11264K, reserved 1058816K
  class space    used 1442K, capacity 1505K, committed 1536K, reserved 1048576K
Event: 5.359 GC heap after
Heap after GC invocations=4 (full 0):
 PSYoungGen      total 35328K, used 2528K [0x00000000eb380000, 0x00000000ed880000, 0x0000000100000000)
  eden space 32768K, 0% used [0x00000000eb380000,0x00000000eb380000,0x00000000ed380000)
  from space 2560K, 98% used [0x00000000ed600000,0x00000000ed878020,0x00000000ed880000)
  to   space 2560K, 0% used [0x00000000ed380000,0x00000000ed380000,0x00000000ed600000)
 ParOldGen       total 44032K, used 915K [0x00000000c1a00000, 0x00000000c4500000, 0x00000000eb380000)
  object space 44032K, 2% used [0x00000000c1a00000,0x00000000c1ae4ca0,0x00000000c4500000)
 Metaspace       used 10909K, capacity 11066K, committed 11264K, reserved 1058816K
  class space    used 1442K, capacity 1505K, committed 1536K, reserved 1048576K
}
Event: 7.364 GC heap before
{Heap before GC invocations=5 (full 0):
 PSYoungGen      total 35328K, used 35296K [0x00000000eb380000, 0x00000000ed880000, 0x0000000100000000)
  eden space 32768K, 100% used [0x00000000eb380000,0x00000000ed380000,0x00000000ed380000)
  from space 2560K, 98% used [0x00000000ed600000,0x00000000ed878020,0x00000000ed880000)
  to   space 2560K, 0% used [0x00000000ed380000,0x00000000ed380000,0x00000000ed600000)
 ParOldGen       total 44032K, used 915K [0x00000000c1a00000, 0x00000000c4500000, 0x00000000eb380000)
  object space 44032K, 2% used [0x00000000c1a00000,0x00000000c1ae4ca0,0x00000000c4500000)
 Metaspace       used 14036K, capacity 14266K, committed 14592K, reserved 1062912K
  class space    used 1853K, capacity 1961K, committed 2048K, reserved 1048576K
Event: 7.396 GC heap after
Heap after GC invocations=5 (full 0):
 PSYoungGen      total 35328K, used 2544K [0x00000000eb380000, 0x00000000efe80000, 0x0000000100000000)
  eden space 32768K, 0% used [0x00000000eb380000,0x00000000eb380000,0x00000000ed380000)
  from space 2560K, 99% used [0x00000000ed380000,0x00000000ed5fc020,0x00000000ed600000)
  to   space 5632K, 0% used [0x00000000ef900000,0x00000000ef900000,0x00000000efe80000)
 ParOldGen       total 44032K, used 4505K [0x00000000c1a00000, 0x00000000c4500000, 0x00000000eb380000)
  object space 44032K, 10% used [0x00000000c1a00000,0x00000000c1e666b8,0x00000000c4500000)
 Metaspace       used 14036K, capacity 14266K, committed 14592K, reserved 1062912K
  class space    used 1853K, capacity 1961K, committed 2048K, reserved 1048576K
}
Event: 11.149 GC heap before
{Heap before GC invocations=6 (full 0):
 PSYoungGen      total 35328K, used 35312K [0x00000000eb380000, 0x00000000efe80000, 0x0000000100000000)
  eden space 32768K, 100% used [0x00000000eb380000,0x00000000ed380000,0x00000000ed380000)
  from space 2560K, 99% used [0x00000000ed380000,0x00000000ed5fc020,0x00000000ed600000)
  to   space 5632K, 0% used [0x00000000ef900000,0x00000000ef900000,0x00000000efe80000)
 ParOldGen       total 44032K, used 4505K [0x00000000c1a00000, 0x00000000c4500000, 0x00000000eb380000)
  object space 44032K, 10% used [0x00000000c1a00000,0x00000000c1e666b8,0x00000000c4500000)
 Metaspace       used 17335K, capacity 17960K, committed 18176K, reserved 1064960K
  class space    used 2329K, capacity 2522K, committed 2560K, reserved 1048576K
Event: 11.189 GC heap after
Heap after GC invocations=6 (full 0):
 PSYoungGen      total 70144K, used 5243K [0x00000000eb380000, 0x00000000f0080000, 0x0000000100000000)
  eden space 64512K, 0% used [0x00000000eb380000,0x00000000eb380000,0x00000000ef280000)
  from space 5632K, 93% used [0x00000000ef900000,0x00000000efe1ecf0,0x00000000efe80000)
  to   space 6656K, 0% used [0x00000000ef280000,0x00000000ef280000,0x00000000ef900000)
 ParOldGen       total 44032K, used 4513K [0x00000000c1a00000, 0x00000000c4500000, 0x00000000eb380000)
  object space 44032K, 10% used [0x00000000c1a00000,0x00000000c1e686b8,0x00000000c4500000)
 Metaspace       used 17335K, capacity 17960K, committed 18176K, reserved 1064960K
  class space    used 2329K, capacity 2522K, committed 2560K, reserved 1048576K
}

Deoptimization events (10 events):
Event: 11.469 Thread 0x0000000000128800 Uncommon trap: reason=range_check action=none pc=0x0000000002b003cc method=sun.reflect.generics.parser.SignatureParser.current()C @ 34
Event: 11.470 Thread 0x0000000000128800 Uncommon trap: reason=range_check action=none pc=0x0000000002b003cc method=sun.reflect.generics.parser.SignatureParser.current()C @ 34
Event: 11.470 Thread 0x0000000000128800 Uncommon trap: reason=range_check action=none pc=0x0000000002b003cc method=sun.reflect.generics.parser.SignatureParser.current()C @ 34
Event: 11.471 Thread 0x0000000000128800 Uncommon trap: reason=range_check action=none pc=0x0000000002b003cc method=sun.reflect.generics.parser.SignatureParser.current()C @ 34
Event: 11.471 Thread 0x0000000000128800 Uncommon trap: reason=range_check action=none pc=0x0000000002b003cc method=sun.reflect.generics.parser.SignatureParser.current()C @ 34
Event: 11.473 Thread 0x0000000000128800 Uncommon trap: reason=range_check action=none pc=0x0000000002b003cc method=sun.reflect.generics.parser.SignatureParser.current()C @ 34
Event: 11.475 Thread 0x0000000000128800 Uncommon trap: reason=range_check action=none pc=0x0000000002b003cc method=sun.reflect.generics.parser.SignatureParser.current()C @ 34
Event: 11.475 Thread 0x0000000000128800 Uncommon trap: reason=range_check action=none pc=0x0000000002b003cc method=sun.reflect.generics.parser.SignatureParser.current()C @ 34
Event: 11.476 Thread 0x0000000000128800 Uncommon trap: reason=range_check action=none pc=0x0000000002b003cc method=sun.reflect.generics.parser.SignatureParser.current()C @ 34
Event: 11.476 Thread 0x0000000000128800 Uncommon trap: reason=range_check action=none pc=0x0000000002b003cc method=sun.reflect.generics.parser.SignatureParser.current()C @ 34

Classes redefined (0 events):
No events

Internal exceptions (10 events):
Event: 11.470 Thread 0x0000000000128800 Exception <a 'java/lang/ArrayIndexOutOfBoundsException': 76> (0x00000000ebb623a8) thrown at [C:\jenkins\workspace\8-2-build-windows-amd64-cygwin\jdk8u291\1294\hotspot\src\share\vm\interpreter\interpreterRuntime.cpp, line 371]
Event: 11.470 Thread 0x0000000000128800 Exception <a 'java/lang/ArrayIndexOutOfBoundsException': 70> (0x00000000ebb63940) thrown at [C:\jenkins\workspace\8-2-build-windows-amd64-cygwin\jdk8u291\1294\hotspot\src\share\vm\interpreter\interpreterRuntime.cpp, line 371]
Event: 11.471 Thread 0x0000000000128800 Exception <a 'java/lang/ArrayIndexOutOfBoundsException': 58> (0x00000000ebb64e10) thrown at [C:\jenkins\workspace\8-2-build-windows-amd64-cygwin\jdk8u291\1294\hotspot\src\share\vm\interpreter\interpreterRuntime.cpp, line 371]
Event: 11.471 Thread 0x0000000000128800 Exception <a 'java/lang/ArrayIndexOutOfBoundsException': 73> (0x00000000ebb65fa0) thrown at [C:\jenkins\workspace\8-2-build-windows-amd64-cygwin\jdk8u291\1294\hotspot\src\share\vm\interpreter\interpreterRuntime.cpp, line 371]
Event: 11.474 Thread 0x0000000000128800 Exception <a 'java/lang/ArrayIndexOutOfBoundsException': 62> (0x00000000ebb6a4a8) thrown at [C:\jenkins\workspace\8-2-build-windows-amd64-cygwin\jdk8u291\1294\hotspot\src\share\vm\interpreter\interpreterRuntime.cpp, line 371]
Event: 11.475 Thread 0x0000000000128800 Exception <a 'java/lang/ArrayIndexOutOfBoundsException': 72> (0x00000000ebb6d058) thrown at [C:\jenkins\workspace\8-2-build-windows-amd64-cygwin\jdk8u291\1294\hotspot\src\share\vm\interpreter\interpreterRuntime.cpp, line 371]
Event: 11.475 Thread 0x0000000000128800 Exception <a 'java/lang/ArrayIndexOutOfBoundsException': 71> (0x00000000ebb6e5e8) thrown at [C:\jenkins\workspace\8-2-build-windows-amd64-cygwin\jdk8u291\1294\hotspot\src\share\vm\interpreter\interpreterRuntime.cpp, line 371]
Event: 11.476 Thread 0x0000000000128800 Exception <a 'java/lang/ArrayIndexOutOfBoundsException': 73> (0x00000000ebb6fb90) thrown at [C:\jenkins\workspace\8-2-build-windows-amd64-cygwin\jdk8u291\1294\hotspot\src\share\vm\interpreter\interpreterRuntime.cpp, line 371]
Event: 11.476 Thread 0x0000000000128800 Exception <a 'java/lang/ArrayIndexOutOfBoundsException': 70> (0x00000000ebb71128) thrown at [C:\jenkins\workspace\8-2-build-windows-amd64-cygwin\jdk8u291\1294\hotspot\src\share\vm\interpreter\interpreterRuntime.cpp, line 371]
Event: 11.488 Thread 0x0000000000128800 Exception <a 'java/net/SocketTimeoutException': Read timed out> (0x00000000ebb8e7c8) thrown at [C:\jenkins\workspace\8-2-build-windows-amd64-cygwin\jdk8u291\1294\hotspot\src\share\vm\prims\jni.cpp, line 737]

Events (10 events):
Event: 11.479 Thread 0x0000000000128800 DEOPT UNPACKING pc=0x0000000002517890 sp=0x000000000215cac0 mode 1
Event: 11.479 Thread 0x0000000000128800 DEOPT PACKING pc=0x000000000275ebe4 sp=0x000000000215ce30
Event: 11.479 Thread 0x0000000000128800 DEOPT UNPACKING pc=0x0000000002517890 sp=0x000000000215cc50 mode 1
Event: 12.028 Executing VM operation: RevokeBias
Event: 12.028 Executing VM operation: RevokeBias done
Event: 12.028 Executing VM operation: RevokeBias
Event: 12.028 Executing VM operation: RevokeBias done
Event: 12.028 Executing VM operation: RevokeBias
Event: 12.028 Executing VM operation: RevokeBias done
Event: 12.028 Thread 0x0000000058489000 Thread exited: 0x0000000058489000


Dynamic libraries:
0x000000013feb0000 - 0x000000013fef7000 	C:\Program Files\Java\jre1.8.0_291\bin\javaw.exe
0x00000000775c0000 - 0x000000007775f000 	C:\Windows\SYSTEM32\ntdll.dll
0x00000000773a0000 - 0x00000000774bf000 	C:\Windows\system32\kernel32.dll
0x000007fefd2e0000 - 0x000007fefd347000 	C:\Windows\system32\KERNELBASE.dll
0x000007fefd4d0000 - 0x000007fefd5ab000 	C:\Windows\system32\ADVAPI32.dll
0x000007feff410000 - 0x000007feff4af000 	C:\Windows\system32\msvcrt.dll
0x000007feff1f0000 - 0x000007feff20f000 	C:\Windows\SYSTEM32\sechost.dll
0x000007fefe7f0000 - 0x000007fefe91c000 	C:\Windows\system32\RPCRT4.dll
0x00000000774c0000 - 0x00000000775bb000 	C:\Windows\system32\USER32.dll
0x000007fefed20000 - 0x000007fefed87000 	C:\Windows\system32\GDI32.dll
0x000007feff550000 - 0x000007feff55e000 	C:\Windows\system32\LPK.dll
0x000007fefeaf0000 - 0x000007fefebbb000 	C:\Windows\system32\USP10.dll
0x000007fefb7a0000 - 0x000007fefb995000 	C:\Windows\WinSxS\amd64_microsoft.windows.common-controls_6595b64144ccf1df_6.0.7601.24483_none_e372d88f30fbb845\COMCTL32.dll
0x000007fefeca0000 - 0x000007fefed11000 	C:\Windows\system32\SHLWAPI.dll
0x000007feff640000 - 0x000007feff66e000 	C:\Windows\system32\IMM32.DLL
0x000007fefe9c0000 - 0x000007fefeacb000 	C:\Windows\system32\MSCTF.dll
0x000007fef9090000 - 0x000007fef9093000 	C:\Windows\system32\api-ms-win-core-synch-l1-2-0.DLL
0x000007fed6e50000 - 0x000007fed6e65000 	C:\Program Files\Java\jre1.8.0_291\bin\vcruntime140.dll
0x000007fefbb60000 - 0x000007fefbb64000 	C:\Program Files\Java\jre1.8.0_291\bin\api-ms-win-crt-runtime-l1-1-0.dll
0x000007feee910000 - 0x000007feeea0a000 	C:\Program Files\Java\jre1.8.0_291\bin\ucrtbase.DLL
0x000007fefbb70000 - 0x000007fefbb73000 	C:\Program Files\Java\jre1.8.0_291\bin\api-ms-win-core-localization-l1-2-0.dll
0x000007fefa380000 - 0x000007fefa383000 	C:\Program Files\Java\jre1.8.0_291\bin\api-ms-win-core-processthreads-l1-1-1.dll
0x000007fefa390000 - 0x000007fefa393000 	C:\Program Files\Java\jre1.8.0_291\bin\api-ms-win-core-file-l1-2-0.dll
0x000007fefa360000 - 0x000007fefa363000 	C:\Program Files\Java\jre1.8.0_291\bin\api-ms-win-core-timezone-l1-1-0.dll
0x000007fefa370000 - 0x000007fefa373000 	C:\Program Files\Java\jre1.8.0_291\bin\api-ms-win-core-file-l2-1-0.dll
0x000007fefa340000 - 0x000007fefa343000 	C:\Program Files\Java\jre1.8.0_291\bin\api-ms-win-crt-heap-l1-1-0.dll
0x000007fefa350000 - 0x000007fefa354000 	C:\Program Files\Java\jre1.8.0_291\bin\api-ms-win-crt-string-l1-1-0.dll
0x000007fefa320000 - 0x000007fefa324000 	C:\Program Files\Java\jre1.8.0_291\bin\api-ms-win-crt-stdio-l1-1-0.dll
0x000007fefa330000 - 0x000007fefa334000 	C:\Program Files\Java\jre1.8.0_291\bin\api-ms-win-crt-convert-l1-1-0.dll
0x000007feee870000 - 0x000007feee90b000 	C:\Program Files\Java\jre1.8.0_291\bin\msvcp140.dll
0x000007fefa2f0000 - 0x000007fefa2f3000 	C:\Program Files\Java\jre1.8.0_291\bin\api-ms-win-crt-locale-l1-1-0.dll
0x000007fefa300000 - 0x000007fefa305000 	C:\Program Files\Java\jre1.8.0_291\bin\api-ms-win-crt-math-l1-1-0.dll
0x000007fefa2d0000 - 0x000007fefa2d3000 	C:\Program Files\Java\jre1.8.0_291\bin\api-ms-win-crt-filesystem-l1-1-0.dll
0x000007fefa2e0000 - 0x000007fefa2e3000 	C:\Program Files\Java\jre1.8.0_291\bin\api-ms-win-crt-time-l1-1-0.dll
0x000007fefa2b0000 - 0x000007fefa2b3000 	C:\Program Files\Java\jre1.8.0_291\bin\api-ms-win-crt-environment-l1-1-0.dll
0x000007fefa2c0000 - 0x000007fefa2c3000 	C:\Program Files\Java\jre1.8.0_291\bin\api-ms-win-crt-utility-l1-1-0.dll
0x000000006fb90000 - 0x00000000703f0000 	C:\Program Files\Java\jre1.8.0_291\bin\server\jvm.dll
0x000007feeead0000 - 0x000007feeead9000 	C:\Windows\system32\WSOCK32.dll
0x000007feff670000 - 0x000007feff6bd000 	C:\Windows\system32\WS2_32.dll
0x000007feff6c0000 - 0x000007feff6c8000 	C:\Windows\system32\NSI.dll
0x000007fefadb0000 - 0x000007fefadeb000 	C:\Windows\system32\WINMM.dll
0x000007fefc1f0000 - 0x000007fefc1fc000 	C:\Windows\system32\VERSION.dll
0x0000000077770000 - 0x0000000077777000 	C:\Windows\system32\PSAPI.DLL
0x000007fed6e20000 - 0x000007fed6e30000 	C:\Program Files\Java\jre1.8.0_291\bin\verify.dll
0x000007fed6b20000 - 0x000007fed6b4b000 	C:\Program Files\Java\jre1.8.0_291\bin\java.dll
0x000007feeeef0000 - 0x000007feeef26000 	C:\Program Files\Java\jre1.8.0_291\bin\jdwp.dll
0x000007fefa290000 - 0x000007fefa299000 	C:\Program Files\Java\jre1.8.0_291\bin\npt.dll
0x000007feeeaf0000 - 0x000007feeeb20000 	C:\Program Files\Java\jre1.8.0_291\bin\instrument.dll
0x000007fed6b00000 - 0x000007fed6b18000 	C:\Program Files\Java\jre1.8.0_291\bin\zip.dll
0x000007fefda60000 - 0x000007fefe7eb000 	C:\Windows\system32\SHELL32.dll
0x000007feff210000 - 0x000007feff40f000 	C:\Windows\system32\ole32.dll
0x000007fefd110000 - 0x000007fefd11f000 	C:\Windows\system32\profapi.dll
0x000007feeeee0000 - 0x000007feeeeea000 	C:\Program Files\Java\jre1.8.0_291\bin\dt_socket.dll
0x000007fefaf90000 - 0x000007fefafa5000 	C:\Windows\system32\NLAapi.dll
0x000007feee7c0000 - 0x000007feee7d5000 	C:\Windows\system32\napinsp.dll
0x000007fee7ba0000 - 0x000007fee7bb9000 	C:\Windows\system32\pnrpnsp.dll
0x000007fefc850000 - 0x000007fefc8a5000 	C:\Windows\System32\mswsock.dll
0x000007fefc6d0000 - 0x000007fefc72b000 	C:\Windows\system32\DNSAPI.dll
0x000007fee7b90000 - 0x000007fee7b9b000 	C:\Windows\System32\winrnr.dll
0x000007fee7b80000 - 0x000007fee7b90000 	C:\Windows\system32\wshbth.dll
0x000007fefb6e0000 - 0x000007fefb707000 	C:\Windows\system32\IPHLPAPI.DLL
0x000007fefb6d0000 - 0x000007fefb6db000 	C:\Windows\system32\WINNSI.DLL
0x000007fefabb0000 - 0x000007fefac03000 	C:\Windows\System32\fwpuclnt.dll
0x000007fef2a50000 - 0x000007fef2a58000 	C:\Windows\system32\rasadhlp.dll
0x000007fefc2c0000 - 0x000007fefc2c7000 	C:\Windows\System32\wshtcpip.dll
0x000007fed6ab0000 - 0x000007fed6acc000 	C:\Program Files\Java\jre1.8.0_291\bin\net.dll
0x000007fefc840000 - 0x000007fefc847000 	C:\Windows\System32\wship6.dll
0x000007fef12b0000 - 0x000007fef12d4000 	C:\Program Files\Java\jre1.8.0_291\bin\sunec.dll
0x000007feef8d0000 - 0x000007feef8dd000 	C:\Program Files\Java\jre1.8.0_291\bin\sunmscapi.dll
0x000007fefd150000 - 0x000007fefd2bd000 	C:\Windows\system32\CRYPT32.dll
0x000007fefd120000 - 0x000007fefd12f000 	C:\Windows\system32\MSASN1.dll
0x000007fefca80000 - 0x000007fefcad0000 	C:\Windows\system32\ncrypt.dll
0x000007fefca50000 - 0x000007fefca72000 	C:\Windows\system32\bcrypt.dll
0x000007fefab00000 - 0x000007fefab18000 	C:\Windows\system32\dhcpcsvc.DLL
0x000007fefaae0000 - 0x000007fefaaf1000 	C:\Windows\system32\dhcpcsvc6.DLL
0x000007fed6a90000 - 0x000007fed6aa3000 	C:\Program Files\Java\jre1.8.0_291\bin\nio.dll
0x000007fefc8b0000 - 0x000007fefc8c8000 	C:\Windows\system32\CRYPTSP.dll
0x000007fefc5b0000 - 0x000007fefc5f7000 	C:\Windows\system32\rsaenh.dll
0x000007fefd450000 - 0x000007fefd46f000 	C:\Windows\system32\USERENV.dll
0x000007fefcfb0000 - 0x000007fefcfbf000 	C:\Windows\system32\CRYPTBASE.dll
0x000007fefcf50000 - 0x000007fefcfa7000 	C:\Windows\system32\apphelp.dll
0x000007fef5fa0000 - 0x000007fef60c5000 	C:\Windows\system32\dbghelp.dll

VM Arguments:
jvm_args: -agentlib:jdwp=transport=dt_socket,suspend=y,address=localhost:52306 -ea -javaagent:C:\Users\LINGARAJ\eclipse\java-2019-06\eclipse\configuration\org.eclipse.osgi\226\0\.cp\lib\javaagent-shaded.jar -Dfile.encoding=UTF-8 
java_command: org.eclipse.jdt.internal.junit.runner.RemoteTestRunner -version 3 -port 57831 -testLoaderClass org.eclipse.jdt.internal.junit4.runner.JUnit4TestLoader -loaderpluginname org.eclipse.jdt.junit4.runtime -classNames com.runner.RunTest
java_class_path (initial): C:\Users\LINGARAJ\eclipse-workspace\test\target\test-classes;C:\Users\LINGARAJ\eclipse-workspace\test\target\classes;C:\Users\LINGARAJ\.p2\pool\plugins\org.junit_4.12.0.v201504281640\junit.jar;C:\Users\LINGARAJ\.p2\pool\plugins\org.hamcrest.core_1.3.0.v20180420-1519.jar;C:\Users\LINGARAJ\.m2\repository\junit\junit\3.8.1\junit-3.8.1.jar;C:\Users\LINGARAJ\.m2\repository\info\cukes\cucumber-junit\1.2.5\cucumber-junit-1.2.5.jar;C:\Users\LINGARAJ\.m2\repository\info\cukes\cucumber-java\1.2.5\cucumber-java-1.2.5.jar;C:\Users\LINGARAJ\.m2\repository\info\cukes\cucumber-core\1.2.5\cucumber-core-1.2.5.jar;C:\Users\LINGARAJ\.m2\repository\info\cukes\cucumber-html\0.2.3\cucumber-html-0.2.3.jar;C:\Users\LINGARAJ\.m2\repository\info\cukes\cucumber-jvm-deps\1.0.5\cucumber-jvm-deps-1.0.5.jar;C:\Users\LINGARAJ\.m2\repository\info\cukes\gherkin\2.12.2\gherkin-2.12.2.jar;C:\Users\LINGARAJ\.m2\repository\org\seleniumhq\selenium\selenium-java\3.141.59\selenium-java-3.141.59.jar;C:\Users\LINGARAJ\.m2\repository\org\seleniumhq\selenium\selenium-api\3.141.59\selenium-api-3.141.59.jar;C:\Users\LINGARAJ\.m2\repository\org\seleniumhq\selenium\selenium-chrome-driver\3.141.59\selenium-chrome-driver-3.141.59.jar;C:\Users\LINGARAJ\.m2\repository\org\seleniumhq\selenium\selenium-edge-driver\3.141.59\selenium-edge-driver-3.141.59.jar;C:\Users\LINGARAJ\.m2\repository\org\seleniumhq\selenium\selenium-firefox-driver\3.141.59\selenium-firefox-driver-3.141.59.jar;C:\Users\LINGARAJ\.m2\repository\org\seleniumhq\selenium\selenium-ie-driver\3.141.59\selenium-ie-driver-3.141.59.jar;C:\Users\LINGARAJ\.m2\repository\org\seleniumhq\selenium\selenium-opera-driver\3.141.59\selenium-opera-driver-3.141.59.jar;C:\Users\LINGARAJ\.m2\repository\org\seleniumhq\selenium\selenium-remote-driver\3.141.59\selenium-remote-driver-3.141.59.jar;C:\Users\LINGARAJ\.m2\repository\org\seleniumhq\selenium\selenium-safari-driver\3.141.59\selenium-safari-driver-3.141.59.jar;C:\Users\LINGARAJ\.m2\reposito
Launcher Type: SUN_STANDARD

Environment Variables:
PATH=C:/Program Files/Java/jre1.8.0_291/bin/server;C:/Program Files/Java/jre1.8.0_291/bin;C:/Program Files/Java/jre1.8.0_291/lib/amd64;C:\oraclexe\app\oracle\product\10.2.0\server\bin;C:\Program Files (x86)\Common Files\Oracle\Java\javapath;C:\Windows\system32;C:\Windows;C:\Windows\System32\Wbem;C:\Windows\System32\WindowsPowerShell\v1.0\;C:\Users\LINGARAJ\Desktop;
USERNAME=LINGARAJ
OS=Windows_NT
PROCESSOR_IDENTIFIER=Intel64 Family 6 Model 42 Stepping 7, GenuineIntel



---------------  S Y S T E M  ---------------

OS: Windows 7 , 64 bit Build 7601 (6.1.7601.24545)

CPU:total 4 (initial active 4) (2 cores per cpu, 2 threads per core) family 6 model 42 stepping 7, cmov, cx8, fxsr, mmx, sse, sse2, sse3, ssse3, sse4.1, sse4.2, popcnt, avx, aes, clmul, ht, tsc, tscinvbit

Memory: 4k page, physical 4085932k(750516k free), swap 8186348k(30636k free)

vm_info: Java HotSpot(TM) 64-Bit Server VM (25.291-b10) for windows-amd64 JRE (1.8.0_291-b10), built on Apr  9 2021 00:02:00 by "java_re" with MS VC++ 15.9 (VS2017)

time: Wed Sep  1 20:20:02 2021
timezone: India Standard Time
elapsed time: 14.777394 seconds (0d 0h 0m 14s)

